<?xml version="1.0" encoding="UTF-8"?>
<!-- Generated by org.testng.reporters.JUnitReportReporter -->
<testsuite hostname="DESKTOP-LL3HDI9" failures="0" tests="1" name="testpackage.TestClass" time="1.088" errors="0" timestamp="2022-09-15T10:56:51 IST" skipped="0">
  <testcase classname="testpackage.TestClass" name="homepage_keysenter" time="1.088"/>
  <system-out/>
</testsuite> <!-- testpackage.TestClass -->
